#
# There is insufficient memory for the Java Runtime Environment to continue.
# Native memory allocation (mmap) failed to map 232783872 bytes for G1 virtual space
# Possible reasons:
#   The system is out of physical RAM or swap space
#   The process is running with CompressedOops enabled, and the Java Heap may be blocking the growth of the native heap
# Possible solutions:
#   Reduce memory load on the system
#   Increase physical memory or swap space
#   Check if swap backing store is full
#   Decrease Java heap size (-Xmx/-Xms)
#   Decrease number of Java threads
#   Decrease Java thread stack sizes (-Xss)
#   Set larger code cache with -XX:ReservedCodeCacheSize=
#   JVM is running with Zero Based Compressed Oops mode in which the Java heap is
#     placed in the first 32GB address space. The Java Heap base address is the
#     maximum limit for the native heap growth. Please use -XX:HeapBaseMinAddress
#     to set the Java Heap base and to place the Java Heap above 32GB virtual address.
# This output file may be truncated or incomplete.
#
#  Out of Memory Error (os_windows.cpp:3552), pid=1448, tid=9108
#
# JRE version:  (17.0.9+11) (build )
# Java VM: Java HotSpot(TM) 64-Bit Server VM (17.0.9+11-LTS-201, mixed mode, emulated-client, sharing, tiered, compressed oops, compressed class ptrs, g1 gc, windows-amd64)
# No core dump will be written. Minidumps are not enabled by default on client versions of Windows
#

---------------  S U M M A R Y ------------

Command Line: -XX:TieredStopAtLevel=1 -Dspring.output.ansi.enabled=always -Dcom.sun.management.jmxremote -Dspring.jmx.enabled=true -Dspring.liveBeansView.mbeanDomain -Dspring.application.admin.enabled=true -Dmanagement.endpoints.jmx.exposure.include=* -javaagent:E:\app\IntelliJ IDEA 2024.1.1\lib\idea_rt.jar=65258:E:\app\IntelliJ IDEA 2024.1.1\bin -Dfile.encoding=UTF-8 com.nishikatakagi.ProductDigital.ProductDigitalApplication

Host: AMD Ryzen 5 5600H with Radeon Graphics         , 12 cores, 13G,  Windows 10 , 64 bit Build 19041 (10.0.19041.3636)
Time: Tue Jun  4 21:26:24 2024 SE Asia Standard Time elapsed time: 0.011775 seconds (0d 0h 0m 0s)

---------------  T H R E A D  ---------------

Current thread (0x000001e9f65bb890):  JavaThread "Unknown thread" [_thread_in_vm, id=9108, stack(0x000000e154d00000,0x000000e154e00000)]

Stack: [0x000000e154d00000,0x000000e154e00000]
Native frames: (J=compiled Java code, j=interpreted, Vv=VM code, C=native code)
V  [jvm.dll+0x678a4a]
V  [jvm.dll+0x7d9cfd]
V  [jvm.dll+0x7db60e]
V  [jvm.dll+0x7dbc73]
V  [jvm.dll+0x245e1f]
V  [jvm.dll+0x6758f9]
V  [jvm.dll+0x66a2a2]
V  [jvm.dll+0x303686]
V  [jvm.dll+0x30ac06]
V  [jvm.dll+0x35a48e]
V  [jvm.dll+0x35a6bf]
V  [jvm.dll+0x2da678]
V  [jvm.dll+0x2db5e4]
V  [jvm.dll+0x7ab6b1]
V  [jvm.dll+0x368041]
V  [jvm.dll+0x78a749]
V  [jvm.dll+0x3ebd4f]
V  [jvm.dll+0x3ed7d1]
C  [jli.dll+0x5297]
C  [ucrtbase.dll+0x21bb2]
C  [KERNEL32.DLL+0x17344]
C  [ntdll.dll+0x526b1]


---------------  P R O C E S S  ---------------

Threads class SMR info:
_java_thread_list=0x00007ff9110d89d8, length=0, elements={
}

Java Threads: ( => current thread )

Other Threads:
  0x000001e9f66189f0 GCTaskThread "GC Thread#0" [stack: 0x000000e154e00000,0x000000e154f00000] [id=11196]
  0x000001e9f43aebf0 ConcurrentGCThread "G1 Main Marker" [stack: 0x000000e154f00000,0x000000e155000000] [id=19368]
  0x000001e9f6629210 ConcurrentGCThread "G1 Conc#0" [stack: 0x000000e155000000,0x000000e155100000] [id=2244]

[error occurred during error reporting (printing all threads), id 0xc0000005, EXCEPTION_ACCESS_VIOLATION (0xc0000005) at pc=0x00007ff91090b2d7]

VM state: not at safepoint (not fully initialized)

VM Mutex/Monitor currently owned by a thread:  ([mutex/lock_event])
[0x000001e9f65b68b0] Heap_lock - owner thread: 0x000001e9f65bb890

Heap address: 0x0000000722400000, size: 3548 MB, Compressed Oops mode: Zero based, Oop shift amount: 3

CDS archive(s) mapped at: [0x0000000000000000-0x0000000000000000-0x0000000000000000), size 0, SharedBaseAddress: 0x0000000800000000, ArchiveRelocationMode: 1.
Narrow klass base: 0x0000000000000000, Narrow klass shift: 0, Narrow klass range: 0x0

GC Precious Log:
<Empty>

Heap:
 garbage-first heap   total 0K, used 0K [0x0000000722400000, 0x0000000800000000)
  region size 2048K, 0 young (0K), 0 survivors (0K)

[error occurred during error reporting (printing heap information), id 0xc0000005, EXCEPTION_ACCESS_VIOLATION (0xc0000005) at pc=0x00007ff910cf2229]

GC Heap History (0 events):
No events

Deoptimization events (0 events):
No events

Classes unloaded (0 events):
No events

Classes redefined (0 events):
No events

Internal exceptions (0 events):
No events

VM Operations (0 events):
No events

Events (1 events):
Event: 0.008 Loaded shared library C:\Program Files\Java\jdk-17\bin\java.dll


Dynamic libraries:
0x00007ff76b1a0000 - 0x00007ff76b1b0000 	C:\Program Files\Java\jdk-17\bin\java.exe
0x00007ff95d430000 - 0x00007ff95d628000 	C:\Windows\SYSTEM32\ntdll.dll
0x00007ff95c310000 - 0x00007ff95c3cd000 	C:\Windows\System32\KERNEL32.DLL
0x00007ff95ad70000 - 0x00007ff95b066000 	C:\Windows\System32\KERNELBASE.dll
0x00007ff95b260000 - 0x00007ff95b360000 	C:\Windows\System32\ucrtbase.dll
0x00007ff957c50000 - 0x00007ff957c6b000 	C:\Program Files\Java\jdk-17\bin\VCRUNTIME140.dll
0x00007ff955160000 - 0x00007ff955179000 	C:\Program Files\Java\jdk-17\bin\jli.dll
0x00007ff95c570000 - 0x00007ff95c620000 	C:\Windows\System32\ADVAPI32.dll
0x00007ff95d1a0000 - 0x00007ff95d23e000 	C:\Windows\System32\msvcrt.dll
0x00007ff95bf70000 - 0x00007ff95c010000 	C:\Windows\System32\sechost.dll
0x00007ff95c3d0000 - 0x00007ff95c4f3000 	C:\Windows\System32\RPCRT4.dll
0x00007ff95ad40000 - 0x00007ff95ad67000 	C:\Windows\System32\bcrypt.dll
0x00007ff95bdd0000 - 0x00007ff95bf6f000 	C:\Windows\System32\USER32.dll
0x00007ff9488b0000 - 0x00007ff948b4a000 	C:\Windows\WinSxS\amd64_microsoft.windows.common-controls_6595b64144ccf1df_6.0.19041.4355_none_60b8b9eb71f62e16\COMCTL32.dll
0x00007ff95b070000 - 0x00007ff95b092000 	C:\Windows\System32\win32u.dll
0x00007ff95c1a0000 - 0x00007ff95c1cb000 	C:\Windows\System32\GDI32.dll
0x00007ff95b140000 - 0x00007ff95b257000 	C:\Windows\System32\gdi32full.dll
0x00007ff95b0a0000 - 0x00007ff95b13d000 	C:\Windows\System32\msvcp_win.dll
0x00007ff953970000 - 0x00007ff95397a000 	C:\Windows\SYSTEM32\VERSION.dll
0x00007ff95c800000 - 0x00007ff95c832000 	C:\Windows\System32\IMM32.DLL
0x00007ff957dd0000 - 0x00007ff957ddc000 	C:\Program Files\Java\jdk-17\bin\vcruntime140_1.dll
0x00007ff954100000 - 0x00007ff95418e000 	C:\Program Files\Java\jdk-17\bin\msvcp140.dll
0x00007ff910620000 - 0x00007ff911201000 	C:\Program Files\Java\jdk-17\bin\server\jvm.dll
0x00007ff95b5f0000 - 0x00007ff95b5f8000 	C:\Windows\System32\PSAPI.DLL
0x00007ff952f40000 - 0x00007ff952f49000 	C:\Windows\SYSTEM32\WSOCK32.dll
0x00007ff951d60000 - 0x00007ff951d87000 	C:\Windows\SYSTEM32\WINMM.dll
0x00007ff95d130000 - 0x00007ff95d19b000 	C:\Windows\System32\WS2_32.dll
0x00007ff9592f0000 - 0x00007ff959302000 	C:\Windows\SYSTEM32\kernel.appcore.dll
0x00007ff957d00000 - 0x00007ff957d0a000 	C:\Program Files\Java\jdk-17\bin\jimage.dll
0x00007ff9587e0000 - 0x00007ff9589c4000 	C:\Windows\SYSTEM32\DBGHELP.DLL
0x00007ff943f40000 - 0x00007ff943f74000 	C:\Windows\SYSTEM32\dbgcore.DLL
0x00007ff95acb0000 - 0x00007ff95ad32000 	C:\Windows\System32\bcryptPrimitives.dll
0x00007ff957ce0000 - 0x00007ff957cee000 	C:\Program Files\Java\jdk-17\bin\instrument.dll
0x00007ff955130000 - 0x00007ff955155000 	C:\Program Files\Java\jdk-17\bin\java.dll

dbghelp: loaded successfully - version: 4.0.5 - missing functions: none
symbol engine: initialized successfully - sym options: 0x614 - pdb path: .;C:\Program Files\Java\jdk-17\bin;C:\Windows\SYSTEM32;C:\Windows\WinSxS\amd64_microsoft.windows.common-controls_6595b64144ccf1df_6.0.19041.4355_none_60b8b9eb71f62e16;C:\Program Files\Java\jdk-17\bin\server

VM Arguments:
jvm_args: -XX:TieredStopAtLevel=1 -Dspring.output.ansi.enabled=always -Dcom.sun.management.jmxremote -Dspring.jmx.enabled=true -Dspring.liveBeansView.mbeanDomain -Dspring.application.admin.enabled=true -Dmanagement.endpoints.jmx.exposure.include=* -javaagent:E:\app\IntelliJ IDEA 2024.1.1\lib\idea_rt.jar=65258:E:\app\IntelliJ IDEA 2024.1.1\bin -Dfile.encoding=UTF-8 
java_command: com.nishikatakagi.ProductDigital.ProductDigitalApplication
java_class_path (initial): E:\SWP391\Iteration2\SWP391_SE1801_G1\target\classes;C:\Users\huyng\.m2\repository\io\jsonwebtoken\jjwt-impl\0.10.6\jjwt-impl-0.10.6.jar;C:\Users\huyng\.m2\repository\io\jsonwebtoken\jjwt-api\0.10.6\jjwt-api-0.10.6.jar;C:\Users\huyng\.m2\repository\io\jsonwebtoken\jjwt-jackson\0.10.6\jjwt-jackson-0.10.6.jar;C:\Users\huyng\.m2\repository\com\fasterxml\jackson\core\jackson-databind\2.15.4\jackson-databind-2.15.4.jar;C:\Users\huyng\.m2\repository\com\fasterxml\jackson\core\jackson-annotations\2.15.4\jackson-annotations-2.15.4.jar;C:\Users\huyng\.m2\repository\com\fasterxml\jackson\core\jackson-core\2.15.4\jackson-core-2.15.4.jar;C:\Users\huyng\.m2\repository\org\springframework\boot\spring-boot-starter-mail\3.2.5\spring-boot-starter-mail-3.2.5.jar;C:\Users\huyng\.m2\repository\org\springframework\boot\spring-boot-starter\3.2.5\spring-boot-starter-3.2.5.jar;C:\Users\huyng\.m2\repository\org\springframework\boot\spring-boot-starter-logging\3.2.5\spring-boot-starter-logging-3.2.5.jar;C:\Users\huyng\.m2\repository\ch\qos\logback\logback-classic\1.4.14\logback-classic-1.4.14.jar;C:\Users\huyng\.m2\repository\ch\qos\logback\logback-core\1.4.14\logback-core-1.4.14.jar;C:\Users\huyng\.m2\repository\org\apache\logging\log4j\log4j-to-slf4j\2.21.1\log4j-to-slf4j-2.21.1.jar;C:\Users\huyng\.m2\repository\org\apache\logging\log4j\log4j-api\2.21.1\log4j-api-2.21.1.jar;C:\Users\huyng\.m2\repository\org\slf4j\jul-to-slf4j\2.0.13\jul-to-slf4j-2.0.13.jar;C:\Users\huyng\.m2\repository\jakarta\annotation\jakarta.annotation-api\2.1.1\jakarta.annotation-api-2.1.1.jar;C:\Users\huyng\.m2\repository\org\yaml\snakeyaml\2.2\snakeyaml-2.2.jar;C:\Users\huyng\.m2\repository\org\springframework\spring-context-support\6.1.6\spring-context-support-6.1.6.jar;C:\Users\huyng\.m2\repository\org\springframework\spring-beans\6.1.6\spring-beans-6.1.6.jar;C:\Users\huyng\.m2\repository\org\springframework\spring-context\6.1.6\spring-context-6.1.6.jar;C:\Users\huyng\.m2\repository\or
Launcher Type: SUN_STANDARD

[Global flags]
     intx CICompilerCount                          = 4                                         {product} {ergonomic}
     uint ConcGCThreads                            = 3                                         {product} {ergonomic}
     uint G1ConcRefinementThreads                  = 10                                        {product} {ergonomic}
   size_t G1HeapRegionSize                         = 2097152                                   {product} {ergonomic}
    uintx GCDrainStackTargetSize                   = 64                                        {product} {ergonomic}
   size_t InitialHeapSize                          = 232783872                                 {product} {ergonomic}
     bool ManagementServer                         = true                                      {product} {command line}
   size_t MarkStackSize                            = 4194304                                   {product} {ergonomic}
   size_t MaxHeapSize                              = 3720347648                                {product} {ergonomic}
   size_t MinHeapDeltaBytes                        = 2097152                                   {product} {ergonomic}
   size_t MinHeapSize                              = 8388608                                   {product} {ergonomic}
    uintx NonProfiledCodeHeapSize                  = 0                                      {pd product} {ergonomic}
     bool ProfileInterpreter                       = false                                  {pd product} {command line}
    uintx ProfiledCodeHeapSize                     = 0                                      {pd product} {ergonomic}
   size_t SoftMaxHeapSize                          = 3720347648                             {manageable} {ergonomic}
     intx TieredStopAtLevel                        = 1                                         {product} {command line}
     bool UseCompressedClassPointers               = true                           {product lp64_product} {ergonomic}
     bool UseCompressedOops                        = true                           {product lp64_product} {ergonomic}
     bool UseG1GC                                  = true                                      {product} {ergonomic}
     bool UseLargePagesIndividualAllocation        = false                                  {pd product} {ergonomic}

Logging:
Log output configuration:
 #0: stdout all=warning uptime,level,tags
 #1: stderr all=off uptime,level,tags

Environment Variables:
PATH=C:\Program Files\Common Files\Oracle\Java\javapath;C:\Windows\system32;C:\Windows;C:\Windows\System32\Wbem;C:\Windows\System32\WindowsPowerShell\v1.0\;C:\Windows\System32\OpenSSH\;C:\Program Files (x86)\NVIDIA Corporation\PhysX\Common;C:\Program Files (x86)\Microsoft SQL Server\160\DTS\Binn\;C:\Program Files\Azure Data Studio\bin;C:\Program Files\Microsoft SQL Server\Client SDK\ODBC\170\Tools\Binn\;C:\Program Files (x86)\Microsoft SQL Server\150\Tools\Binn\;C:\Program Files\Microsoft SQL Server\150\Tools\Binn\;C:\Program Files\Microsoft SQL Server\150\DTS\Binn\;C:\Program Files\dotnet\;C:\Program Files\Git\cmd;C:\Users\huyng\AppData\Local\Microsoft\WindowsApps;;C:\Program Files\Azure Data Studio\bin;C:\Users\huyng\.dotnet\tools;C:\Users\huyng\AppData\Local\Programs\Microsoft VS Code\bin
USERNAME=huyng
OS=Windows_NT
PROCESSOR_IDENTIFIER=AMD64 Family 25 Model 80 Stepping 0, AuthenticAMD



---------------  S Y S T E M  ---------------

OS:
 Windows 10 , 64 bit Build 19041 (10.0.19041.3636)
OS uptime: 4 days 0:42 hours

CPU: total 12 (initial active 12) (12 cores per cpu, 2 threads per core) family 25 model 80 stepping 0 microcode 0x0, cx8, cmov, fxsr, ht, mmx, 3dnowpref, sse, sse2, sse3, ssse3, sse4a, sse4.1, sse4.2, popcnt, lzcnt, tsc, tscinvbit, avx, avx2, aes, erms, clmul, bmi1, bmi2, adx, sha, fma, vzeroupper, clflush, clflushopt

Memory: 4k page, system-wide physical 14188M (1737M free)
TotalPageFile size 18284M (AvailPageFile size 20M)
current process WorkingSet (physical memory assigned to process): 10M, peak: 10M
current process commit charge ("private bytes"): 59M, peak: 281M

vm_info: Java HotSpot(TM) 64-Bit Server VM (17.0.9+11-LTS-201) for windows-amd64 JRE (17.0.9+11-LTS-201), built on Oct 10 2023 23:16:06 by "mach5one" with MS VC++ 17.1 (VS2022)

END.
